<?xml version="1.0" encoding="UTF-8"?>
<testng-results ignored="0" total="2" passed="2" failed="0" skipped="0">
  <reporter-output>
  </reporter-output>
  <suite started-at="2020-08-19T17:40:11Z" name="Default suite" finished-at="2020-08-19T17:40:25Z" duration-ms="14355">
    <groups>
    </groups>
    <test started-at="2020-08-19T17:40:11Z" name="Default test" finished-at="2020-08-19T17:40:25Z" duration-ms="14355">
      <class name="TestNg2.Testng">
        <test-method is-config="true" signature="setup1()[pri:0, instance:TestNg2.Testng@1acaf3d]" started-at="2020-08-19T17:40:11Z" name="setup1" finished-at="2020-08-19T17:40:19Z" duration-ms="8074" status="PASS">
          <reporter-output>
          </reporter-output>
        </test-method> <!-- setup1 -->
        <test-method signature="signInbttn()[pri:0, instance:TestNg2.Testng@1acaf3d]" started-at="2020-08-19T17:40:19Z" name="signInbttn" finished-at="2020-08-19T17:40:21Z" duration-ms="1982" status="PASS">
          <reporter-output>
          </reporter-output>
        </test-method> <!-- signInbttn -->
        <test-method signature="drespage()[pri:0, instance:TestNg2.Testng@1acaf3d]" started-at="2020-08-19T17:40:21Z" name="drespage" finished-at="2020-08-19T17:40:25Z" depends-on-methods="TestNg2.Testng.signInbttn" duration-ms="4273" status="PASS">
          <reporter-output>
          </reporter-output>
        </test-method> <!-- drespage -->
      </class> <!-- TestNg2.Testng -->
    </test> <!-- Default test -->
  </suite> <!-- Default suite -->
</testng-results>
